<?xml version="1.0" encoding="UTF-8"?>
<robot generator="Robot 6.0.2 (Python 3.10.6 on linux)" generated="20230529 21:03:51.245" rpa="false" schemaversion="3">
<suite id="s1" name="Cadastro" source="/home/oseiascaleb/QAx/projects/atech-robot-framework/tests/cadastro.robot">
<test id="s1-t1" name="Cadastrar usuario sem username - username obrigatorio" line="8">
<kw name="Start Session" library="base">
<kw name="New Browser" library="Browser">
<arg>browser=chromium</arg>
<arg>headless=false</arg>
<tag>BrowserControl</tag>
<tag>Setter</tag>
<doc>Create a new playwright Browser with specified options.</doc>
<msg timestamp="20230529 21:03:51.993" level="INFO">{"browser": "chromium", "headless": false, "devtools": false, "handleSIGHUP": true, "handleSIGINT": true, "handleSIGTERM": true, "slowMo": 0.0, "timeout": 30000.0, "deprecated_pos_args": [], "tracesDir": "/home/oseiascaleb/QAx/projects/atech-robot-framework/tests/logs/browser/traces/12d45107-0b80-4f79-8907-42fc8ec32b0a"}</msg>
<msg timestamp="20230529 21:03:52.238" level="INFO">Successfully created browser with options: {"browser":"chromium","headless":false,"devtools":false,"handleSIGHUP":true,"handleSIGINT":true,"handleSIGTERM":true,"slowMo":0,"timeout":30000,"deprecated_pos_args":[],"tracesDir":"/home/oseiascaleb/QAx/projects/atech-robot-framework/tests/logs/browser/traces/12d45107-0b80-4f79-8907-42fc8ec32b0a"}</msg>
<status status="PASS" starttime="20230529 21:03:51.992" endtime="20230529 21:03:52.239"/>
</kw>
<kw name="New Page" library="Browser">
<arg>http://localhost:3000/signup</arg>
<tag>BrowserControl</tag>
<tag>Setter</tag>
<doc>Open a new Page.</doc>
<msg timestamp="20230529 21:03:53.066" level="INFO">Successfully initialized new page object and opened url: http://localhost:3000/signup</msg>
<msg timestamp="20230529 21:03:53.066" level="INFO">No context was open. New context was automatically opened when this page is created.</msg>
<status status="PASS" starttime="20230529 21:03:52.239" endtime="20230529 21:03:53.066"/>
</kw>
<kw name="Get Text" library="Browser">
<arg>css=form h1</arg>
<arg>equal</arg>
<arg>Faça seu cadastro</arg>
<tag>Assertion</tag>
<tag>Getter</tag>
<tag>PageContent</tag>
<doc>Returns text attribute of the element found by ``selector``.</doc>
<msg timestamp="20230529 21:03:53.120" level="INFO">Text: 'Faça seu cadastro'</msg>
<status status="PASS" starttime="20230529 21:03:53.066" endtime="20230529 21:03:53.120"/>
</kw>
<status status="PASS" starttime="20230529 21:03:51.992" endtime="20230529 21:03:53.120"/>
</kw>
<kw name="Cadastrar Usuario sem username" library="usuario">
<arg>${user}[email]</arg>
<arg>${user}[password]</arg>
<kw name="Fill Text" library="Browser">
<arg>css=input[name=email]</arg>
<arg>${email}</arg>
<tag>PageContent</tag>
<tag>Setter</tag>
<doc>Clears and fills the given ``txt`` into the text field found by ``selector``.</doc>
<msg timestamp="20230529 21:03:53.122" level="INFO">Fills the text 'oseiascaleb@atech.com' in the given field.</msg>
<status status="PASS" starttime="20230529 21:03:53.121" endtime="20230529 21:03:53.154"/>
</kw>
<kw name="Fill Text" library="Browser">
<arg>css=input[name=password]</arg>
<arg>${password}</arg>
<tag>PageContent</tag>
<tag>Setter</tag>
<doc>Clears and fills the given ``txt`` into the text field found by ``selector``.</doc>
<msg timestamp="20230529 21:03:53.155" level="INFO">Fills the text '123456' in the given field.</msg>
<status status="PASS" starttime="20230529 21:03:53.155" endtime="20230529 21:03:53.180"/>
</kw>
<kw name="Click" library="Browser">
<arg>css=button[type=submit] &gt;&gt; text=Cadastrar</arg>
<tag>PageContent</tag>
<tag>Setter</tag>
<doc>Simulates mouse click on the element found by ``selector``.</doc>
<status status="PASS" starttime="20230529 21:03:53.180" endtime="20230529 21:03:53.255"/>
</kw>
<status status="PASS" starttime="20230529 21:03:53.121" endtime="20230529 21:03:53.256"/>
</kw>
<kw name="Set Variable" library="BuiltIn">
<var>${notice}</var>
<arg>css=small[class=alert-error]</arg>
<doc>Returns the given values which can then be assigned to a variables.</doc>
<msg timestamp="20230529 21:03:53.257" level="INFO">${notice} = css=small[class=alert-error]</msg>
<status status="PASS" starttime="20230529 21:03:53.256" endtime="20230529 21:03:53.257"/>
</kw>
<kw name="Set Variable" library="BuiltIn">
<var>${message}</var>
<arg>Informe seu nome completo</arg>
<doc>Returns the given values which can then be assigned to a variables.</doc>
<msg timestamp="20230529 21:03:53.258" level="INFO">${message} = Informe seu nome completo</msg>
<status status="PASS" starttime="20230529 21:03:53.257" endtime="20230529 21:03:53.258"/>
</kw>
<kw name="Wait For Elements State" library="Browser">
<arg>${notice}</arg>
<arg>visible</arg>
<arg>2</arg>
<tag>PageContent</tag>
<tag>Wait</tag>
<doc>Waits for the element found by ``selector`` to satisfy state option.</doc>
<msg timestamp="20230529 21:03:53.279" level="INFO">Waited for Element with selector css=small[class=alert-error] at state visible</msg>
<status status="PASS" starttime="20230529 21:03:53.258" endtime="20230529 21:03:53.279"/>
</kw>
<kw name="Get Text" library="Browser">
<arg>${notice}</arg>
<arg>equal</arg>
<arg>${message}</arg>
<tag>Assertion</tag>
<tag>Getter</tag>
<tag>PageContent</tag>
<doc>Returns text attribute of the element found by ``selector``.</doc>
<msg timestamp="20230529 21:03:53.302" level="INFO">Text: 'Informe seu nome completo'</msg>
<status status="PASS" starttime="20230529 21:03:53.279" endtime="20230529 21:03:53.302"/>
</kw>
<kw name="Sleep" library="BuiltIn">
<arg>2</arg>
<doc>Pauses the test executed for the given time.</doc>
<msg timestamp="20230529 21:03:55.304" level="INFO">Slept 2 seconds</msg>
<status status="PASS" starttime="20230529 21:03:53.303" endtime="20230529 21:03:55.304"/>
</kw>
<kw name="Close Browser" library="Browser">
<arg>CURRENT</arg>
<tag>BrowserControl</tag>
<tag>Setter</tag>
<doc>Closes the current browser.</doc>
<msg timestamp="20230529 21:03:55.403" level="INFO">Closed browser</msg>
<status status="PASS" starttime="20230529 21:03:55.304" endtime="20230529 21:03:55.404"/>
</kw>
<tag>Nome em branco</tag>
<status status="PASS" starttime="20230529 21:03:51.988" endtime="20230529 21:03:55.404"/>
</test>
<test id="s1-t2" name="Cadastrar usuario sem email - email obrigatorio" line="20">
<kw name="Start Session" library="base">
<kw name="New Browser" library="Browser">
<arg>browser=chromium</arg>
<arg>headless=false</arg>
<tag>BrowserControl</tag>
<tag>Setter</tag>
<doc>Create a new playwright Browser with specified options.</doc>
<msg timestamp="20230529 21:03:55.420" level="INFO">{"browser": "chromium", "headless": false, "devtools": false, "handleSIGHUP": true, "handleSIGINT": true, "handleSIGTERM": true, "slowMo": 0.0, "timeout": 30000.0, "deprecated_pos_args": [], "tracesDir": "/home/oseiascaleb/QAx/projects/atech-robot-framework/tests/logs/browser/traces/aba844ab-21ed-4ada-9291-0d09b1d88f7f"}</msg>
<msg timestamp="20230529 21:03:55.674" level="INFO">Successfully created browser with options: {"browser":"chromium","headless":false,"devtools":false,"handleSIGHUP":true,"handleSIGINT":true,"handleSIGTERM":true,"slowMo":0,"timeout":30000,"deprecated_pos_args":[],"tracesDir":"/home/oseiascaleb/QAx/projects/atech-robot-framework/tests/logs/browser/traces/aba844ab-21ed-4ada-9291-0d09b1d88f7f"}</msg>
<status status="PASS" starttime="20230529 21:03:55.419" endtime="20230529 21:03:55.675"/>
</kw>
<kw name="New Page" library="Browser">
<arg>http://localhost:3000/signup</arg>
<tag>BrowserControl</tag>
<tag>Setter</tag>
<doc>Open a new Page.</doc>
<msg timestamp="20230529 21:03:56.275" level="INFO">Successfully initialized new page object and opened url: http://localhost:3000/signup</msg>
<msg timestamp="20230529 21:03:56.275" level="INFO">No context was open. New context was automatically opened when this page is created.</msg>
<status status="PASS" starttime="20230529 21:03:55.675" endtime="20230529 21:03:56.275"/>
</kw>
<kw name="Get Text" library="Browser">
<arg>css=form h1</arg>
<arg>equal</arg>
<arg>Faça seu cadastro</arg>
<tag>Assertion</tag>
<tag>Getter</tag>
<tag>PageContent</tag>
<doc>Returns text attribute of the element found by ``selector``.</doc>
<msg timestamp="20230529 21:03:56.338" level="INFO">Text: 'Faça seu cadastro'</msg>
<status status="PASS" starttime="20230529 21:03:56.276" endtime="20230529 21:03:56.338"/>
</kw>
<status status="PASS" starttime="20230529 21:03:55.419" endtime="20230529 21:03:56.338"/>
</kw>
<kw name="Cadastrar Usuario sem email" library="usuario">
<arg>${user}[name]</arg>
<arg>${user}[password]</arg>
<kw name="Fill Text" library="Browser">
<arg>css=input[name=name]</arg>
<arg>${name}</arg>
<tag>PageContent</tag>
<tag>Setter</tag>
<doc>Clears and fills the given ``txt`` into the text field found by ``selector``.</doc>
<msg timestamp="20230529 21:03:56.339" level="INFO">Fills the text 'Oséias Caleb' in the given field.</msg>
<status status="PASS" starttime="20230529 21:03:56.339" endtime="20230529 21:03:56.367"/>
</kw>
<kw name="Fill Text" library="Browser">
<arg>css=input[name=password]</arg>
<arg>${password}</arg>
<tag>PageContent</tag>
<tag>Setter</tag>
<doc>Clears and fills the given ``txt`` into the text field found by ``selector``.</doc>
<msg timestamp="20230529 21:03:56.367" level="INFO">Fills the text '123456' in the given field.</msg>
<status status="PASS" starttime="20230529 21:03:56.367" endtime="20230529 21:03:56.401"/>
</kw>
<kw name="Click" library="Browser">
<arg>css=button[type=submit] &gt;&gt; text=Cadastrar</arg>
<tag>PageContent</tag>
<tag>Setter</tag>
<doc>Simulates mouse click on the element found by ``selector``.</doc>
<status status="PASS" starttime="20230529 21:03:56.401" endtime="20230529 21:03:56.454"/>
</kw>
<status status="PASS" starttime="20230529 21:03:56.338" endtime="20230529 21:03:56.454"/>
</kw>
<kw name="Set Variable" library="BuiltIn">
<var>${notice}</var>
<arg>css=small[class=alert-error]</arg>
<doc>Returns the given values which can then be assigned to a variables.</doc>
<msg timestamp="20230529 21:03:56.455" level="INFO">${notice} = css=small[class=alert-error]</msg>
<status status="PASS" starttime="20230529 21:03:56.455" endtime="20230529 21:03:56.455"/>
</kw>
<kw name="Set Variable" library="BuiltIn">
<var>${message}</var>
<arg>Informe seu e-email</arg>
<doc>Returns the given values which can then be assigned to a variables.</doc>
<msg timestamp="20230529 21:03:56.456" level="INFO">${message} = Informe seu e-email</msg>
<status status="PASS" starttime="20230529 21:03:56.455" endtime="20230529 21:03:56.456"/>
</kw>
<kw name="Wait For Elements State" library="Browser">
<arg>${notice}</arg>
<arg>visible</arg>
<arg>2</arg>
<tag>PageContent</tag>
<tag>Wait</tag>
<doc>Waits for the element found by ``selector`` to satisfy state option.</doc>
<msg timestamp="20230529 21:03:56.469" level="INFO">Waited for Element with selector css=small[class=alert-error] at state visible</msg>
<status status="PASS" starttime="20230529 21:03:56.456" endtime="20230529 21:03:56.469"/>
</kw>
<kw name="Get Text" library="Browser">
<arg>${notice}</arg>
<arg>equal</arg>
<arg>${message}</arg>
<tag>Assertion</tag>
<tag>Getter</tag>
<tag>PageContent</tag>
<doc>Returns text attribute of the element found by ``selector``.</doc>
<msg timestamp="20230529 21:03:56.487" level="INFO">Text: 'Informe seu e-email'</msg>
<status status="PASS" starttime="20230529 21:03:56.470" endtime="20230529 21:03:56.487"/>
</kw>
<kw name="Sleep" library="BuiltIn">
<arg>2</arg>
<doc>Pauses the test executed for the given time.</doc>
<msg timestamp="20230529 21:03:58.488" level="INFO">Slept 2 seconds</msg>
<status status="PASS" starttime="20230529 21:03:56.487" endtime="20230529 21:03:58.488"/>
</kw>
<kw name="Close Browser" library="Browser">
<arg>CURRENT</arg>
<tag>BrowserControl</tag>
<tag>Setter</tag>
<doc>Closes the current browser.</doc>
<msg timestamp="20230529 21:03:58.585" level="INFO">Closed browser</msg>
<status status="PASS" starttime="20230529 21:03:58.488" endtime="20230529 21:03:58.585"/>
</kw>
<tag>E-mail em branco</tag>
<status status="PASS" starttime="20230529 21:03:55.415" endtime="20230529 21:03:58.586"/>
</test>
<test id="s1-t3" name="Cadastrar usuario sem password - password obrigatorio" line="32">
<kw name="Start Session" library="base">
<kw name="New Browser" library="Browser">
<arg>browser=chromium</arg>
<arg>headless=false</arg>
<tag>BrowserControl</tag>
<tag>Setter</tag>
<doc>Create a new playwright Browser with specified options.</doc>
<msg timestamp="20230529 21:03:58.596" level="INFO">{"browser": "chromium", "headless": false, "devtools": false, "handleSIGHUP": true, "handleSIGINT": true, "handleSIGTERM": true, "slowMo": 0.0, "timeout": 30000.0, "deprecated_pos_args": [], "tracesDir": "/home/oseiascaleb/QAx/projects/atech-robot-framework/tests/logs/browser/traces/31dbdc71-85c0-4bc9-aee5-2779d63dfcc9"}</msg>
<msg timestamp="20230529 21:03:58.875" level="INFO">Successfully created browser with options: {"browser":"chromium","headless":false,"devtools":false,"handleSIGHUP":true,"handleSIGINT":true,"handleSIGTERM":true,"slowMo":0,"timeout":30000,"deprecated_pos_args":[],"tracesDir":"/home/oseiascaleb/QAx/projects/atech-robot-framework/tests/logs/browser/traces/31dbdc71-85c0-4bc9-aee5-2779d63dfcc9"}</msg>
<status status="PASS" starttime="20230529 21:03:58.595" endtime="20230529 21:03:58.876"/>
</kw>
<kw name="New Page" library="Browser">
<arg>http://localhost:3000/signup</arg>
<tag>BrowserControl</tag>
<tag>Setter</tag>
<doc>Open a new Page.</doc>
<msg timestamp="20230529 21:03:59.740" level="INFO">Successfully initialized new page object and opened url: http://localhost:3000/signup</msg>
<msg timestamp="20230529 21:03:59.740" level="INFO">No context was open. New context was automatically opened when this page is created.</msg>
<status status="PASS" starttime="20230529 21:03:58.876" endtime="20230529 21:03:59.740"/>
</kw>
<kw name="Get Text" library="Browser">
<arg>css=form h1</arg>
<arg>equal</arg>
<arg>Faça seu cadastro</arg>
<tag>Assertion</tag>
<tag>Getter</tag>
<tag>PageContent</tag>
<doc>Returns text attribute of the element found by ``selector``.</doc>
<msg timestamp="20230529 21:03:59.781" level="INFO">Text: 'Faça seu cadastro'</msg>
<status status="PASS" starttime="20230529 21:03:59.741" endtime="20230529 21:03:59.781"/>
</kw>
<status status="PASS" starttime="20230529 21:03:58.594" endtime="20230529 21:03:59.781"/>
</kw>
<kw name="Cadastrar Usuario sem password" library="usuario">
<arg>${user}[name]</arg>
<arg>${user}[email]</arg>
<kw name="Fill Text" library="Browser">
<arg>css=input[name=name]</arg>
<arg>${name}</arg>
<tag>PageContent</tag>
<tag>Setter</tag>
<doc>Clears and fills the given ``txt`` into the text field found by ``selector``.</doc>
<msg timestamp="20230529 21:03:59.782" level="INFO">Fills the text 'Oséias Caleb' in the given field.</msg>
<status status="PASS" starttime="20230529 21:03:59.782" endtime="20230529 21:03:59.812"/>
</kw>
<kw name="Fill Text" library="Browser">
<arg>css=input[name=email]</arg>
<arg>${email}</arg>
<tag>PageContent</tag>
<tag>Setter</tag>
<doc>Clears and fills the given ``txt`` into the text field found by ``selector``.</doc>
<msg timestamp="20230529 21:03:59.813" level="INFO">Fills the text 'oseiascaleb@atech.com' in the given field.</msg>
<status status="PASS" starttime="20230529 21:03:59.813" endtime="20230529 21:03:59.834"/>
</kw>
<kw name="Click" library="Browser">
<arg>css=button[type=submit] &gt;&gt; text=Cadastrar</arg>
<tag>PageContent</tag>
<tag>Setter</tag>
<doc>Simulates mouse click on the element found by ``selector``.</doc>
<status status="PASS" starttime="20230529 21:03:59.834" endtime="20230529 21:03:59.893"/>
</kw>
<status status="PASS" starttime="20230529 21:03:59.781" endtime="20230529 21:03:59.893"/>
</kw>
<kw name="Set Variable" library="BuiltIn">
<var>${notice}</var>
<arg>css=small[class=alert-error]</arg>
<doc>Returns the given values which can then be assigned to a variables.</doc>
<msg timestamp="20230529 21:03:59.894" level="INFO">${notice} = css=small[class=alert-error]</msg>
<status status="PASS" starttime="20230529 21:03:59.893" endtime="20230529 21:03:59.894"/>
</kw>
<kw name="Set Variable" library="BuiltIn">
<var>${message}</var>
<arg>Informe uma senha com pelo menos 6 digitos</arg>
<doc>Returns the given values which can then be assigned to a variables.</doc>
<msg timestamp="20230529 21:03:59.894" level="INFO">${message} = Informe uma senha com pelo menos 6 digitos</msg>
<status status="PASS" starttime="20230529 21:03:59.894" endtime="20230529 21:03:59.894"/>
</kw>
<kw name="Wait For Elements State" library="Browser">
<arg>${notice}</arg>
<arg>visible</arg>
<arg>2</arg>
<tag>PageContent</tag>
<tag>Wait</tag>
<doc>Waits for the element found by ``selector`` to satisfy state option.</doc>
<msg timestamp="20230529 21:03:59.912" level="INFO">Waited for Element with selector css=small[class=alert-error] at state visible</msg>
<status status="PASS" starttime="20230529 21:03:59.895" endtime="20230529 21:03:59.912"/>
</kw>
<kw name="Get Text" library="Browser">
<arg>${notice}</arg>
<arg>equal</arg>
<arg>${message}</arg>
<tag>Assertion</tag>
<tag>Getter</tag>
<tag>PageContent</tag>
<doc>Returns text attribute of the element found by ``selector``.</doc>
<msg timestamp="20230529 21:03:59.930" level="INFO">Text: 'Informe uma senha com pelo menos 6 digitos'</msg>
<status status="PASS" starttime="20230529 21:03:59.913" endtime="20230529 21:03:59.930"/>
</kw>
<kw name="Sleep" library="BuiltIn">
<arg>2</arg>
<doc>Pauses the test executed for the given time.</doc>
<msg timestamp="20230529 21:04:01.931" level="INFO">Slept 2 seconds</msg>
<status status="PASS" starttime="20230529 21:03:59.931" endtime="20230529 21:04:01.932"/>
</kw>
<kw name="Close Browser" library="Browser">
<arg>CURRENT</arg>
<tag>BrowserControl</tag>
<tag>Setter</tag>
<doc>Closes the current browser.</doc>
<msg timestamp="20230529 21:04:02.030" level="INFO">Closed browser</msg>
<status status="PASS" starttime="20230529 21:04:01.932" endtime="20230529 21:04:02.030"/>
</kw>
<tag>Senha em branco</tag>
<status status="PASS" starttime="20230529 21:03:58.591" endtime="20230529 21:04:02.031"/>
</test>
<status status="PASS" starttime="20230529 21:03:51.246" endtime="20230529 21:04:02.036"/>
</suite>
<statistics>
<total>
<stat pass="3" fail="0" skip="0">All Tests</stat>
</total>
<tag>
<stat pass="1" fail="0" skip="0">E-mail em branco</stat>
<stat pass="1" fail="0" skip="0">Nome em branco</stat>
<stat pass="1" fail="0" skip="0">Senha em branco</stat>
</tag>
<suite>
<stat pass="3" fail="0" skip="0" id="s1" name="Cadastro">Cadastro</stat>
</suite>
</statistics>
<errors>
</errors>
</robot>
